"File: app_set.c     Assembler  Version HGASM0202      Page 1


   1  0000              ; Generated by holtek-gcc v3.19, Thu Nov 06 10:43:27 2025
   2  0000              ; 
   3  0000              ; Configuration:
   4  0000              ;       without long instruction
   5  0000              ;       Single ROM, Multi-RAM
   6  0000              ;       bits_per_rom_unit:15
   7  0000              ;       with mp1
   8  0000              ;       with tbhp, address(0x9)
   9  0000              ;          Use ret-const
  10  0000              ;       
  11  0000              ;       
  12  0000              ;       
  13  0000              ; use 'tabrdc' instead of 'tabrd'
  14  0000              ;       
  15  0000              
  16  0000              #pragma translator "holtek-gcc 4.6.4" "3.19" "build 20130711"
  17  0000              ; Rebuild 718
  18  0000              
  19  0000              ir equ [2]
  20  0000              mp equ [3]
  21  0000              sbp equ [7]
  22  0000              acc equ [5]
  23  0000              bp equ [4]
  24  0000              status equ [10]
  25  0000              c equ [10].0
  26  0000              ac equ [10].1
  27  0000              z equ [10].2
  28  0000              ov equ [10].3
  29  0000              intc equ [11]
  30  0000              
  31  0000              extern ra:byte
  32  0000              extern rb:byte
  33  0000              extern rc:byte
  34  0000              extern rd:byte
  35  0000              extern re:byte
  36  0000              extern rf:byte
  37  0000              extern rg:byte
  38  0000              extern rh:byte
  39  0000              extern _Crom2Prom:near
  40  0000              extern _Crom2PromNext:near
  41  0000              
  42  0000              RAMBANK 0 @HCCINIT, @HCCINIT0
  43  0000              
  44  0000              RAMBANK 0 @BITDATASEC, @BITDATASEC1
  45  0000              @HCCINIT	.section 'data'
  46  0000              @HCCINIT0	.section 'data'
  47  0000              @BITDATASEC	 .section 'data'
  48  0000              @BITDATASEC1	 .section 'data'
  49  0000              
  50  0000              #pragma debug scope 1 1
  51  0000              	extern __DELAY3:near
  52  0000              	extern __DELAYX3:near
  53  0000              	extern __DELAYX6:near
  54  0000              	extern __DELAYY5:near
  55  0000              	extern __DELAYY3:near
  56  0000              	extern _builtin_holtek_delay_2:byte
  57  0000              ___lvdc equ [27]
  58  0000              public _LVDC_Init
  59  0000              #pragma debug scope 2 1
"File: app_set.ASM   Assembler  Version HGASM0202      Page 2


  26  0000              #line 26 "c:\users\asus\desktop\yeh\rf_control\txd19\txd19ŧŧąąūđcode\txd19_ubv1.2(hcs200)\bc68f3132\app\app_set.c"
  26  0000              _LVDC_Init .section 'code'
  26  0000              _LVDC_Init proc
  39  0000              #line 39 "c:\users\asus\desktop\yeh\rf_control\txd19\txd19ŧŧąąūđcode\txd19_ubv1.2(hcs200)\bc68f3132\app\app_set.c"
  39  0000  309B        	set [27].1
  39  0001  0003        	ret
  39  0002              _LVDC_Init endp
  39  0002              #line 39 "c:\users\asus\desktop\yeh\rf_control\txd19\txd19ŧŧąąūđcode\txd19_ubv1.2(hcs200)\bc68f3132\app\app_set.c"
  39  0002              #pragma debug scope 1 1
  39  0002              ___pas0 equ [84]
  39  0002              public _LVD_Init
  39  0002              #pragma debug scope 3 1
   5  0002              #line 5 "c:\users\asus\desktop\yeh\rf_control\txd19\txd19ŧŧąąūđcode\txd19_ubv1.2(hcs200)\bc68f3132\app\app_set.c"
   5  0000              _LVD_Init .section 'code'
   5  0000              _LVD_Init proc
  15  0000              #line 15 "c:\users\asus\desktop\yeh\rf_control\txd19\txd19ŧŧąąūđcode\txd19_ubv1.2(hcs200)\bc68f3132\app\app_set.c"
  15  0000  35D4        	clr [84].3
  16  0001              #line 16 "c:\users\asus\desktop\yeh\rf_control\txd19\txd19ŧŧąąūđcode\txd19_ubv1.2(hcs200)\bc68f3132\app\app_set.c"
  16  0001  3554        	clr [84].2
  20  0002              #line 20 "c:\users\asus\desktop\yeh\rf_control\txd19\txd19ŧŧąąūđcode\txd19_ubv1.2(hcs200)\bc68f3132\app\app_set.c"
  20  0002  2000     R  	call _LVDC_Init
  21  0003              #line 21 "c:\users\asus\desktop\yeh\rf_control\txd19\txd19ŧŧąąūđcode\txd19_ubv1.2(hcs200)\bc68f3132\app\app_set.c"
  21  0003  321B        	set [27].4
  21  0004  0003        	ret
  21  0005              _LVD_Init endp
  21  0005              #line 21 "c:\users\asus\desktop\yeh\rf_control\txd19\txd19ŧŧąąūđcode\txd19_ubv1.2(hcs200)\bc68f3132\app\app_set.c"
  21  0005              #pragma debug scope 1 1
  21  0005              ___pb equ [24]
  21  0005              ___pbc equ [25]
  21  0005              ___pbpu equ [26]
  21  0005              public _LED_Init
  21  0005              #pragma debug scope 4 1
  50  0005              #line 50 "c:\users\asus\desktop\yeh\rf_control\txd19\txd19ŧŧąąūđcode\txd19_ubv1.2(hcs200)\bc68f3132\app\app_set.c"
  50  0000              _LED_Init .section 'code'
  50  0000              _LED_Init proc
  53  0000              #line 53 "c:\users\asus\desktop\yeh\rf_control\txd19\txd19ŧŧąąūđcode\txd19_ubv1.2(hcs200)\bc68f3132\app\app_set.c"
  53  0000  3798        	clr [24].7
  54  0001              #line 54 "c:\users\asus\desktop\yeh\rf_control\txd19\txd19ŧŧąąūđcode\txd19_ubv1.2(hcs200)\bc68f3132\app\app_set.c"
  54  0001  3799        	clr [25].7
  55  0002              #line 55 "c:\users\asus\desktop\yeh\rf_control\txd19\txd19ŧŧąąūđcode\txd19_ubv1.2(hcs200)\bc68f3132\app\app_set.c"
  55  0002  379A        	clr [26].7
  55  0003  0003        	ret
  55  0004              _LED_Init endp
  55  0004              #line 55 "c:\users\asus\desktop\yeh\rf_control\txd19\txd19ŧŧąąūđcode\txd19_ubv1.2(hcs200)\bc68f3132\app\app_set.c"
  55  0004              #pragma debug scope 1 1
  55  0004              #pragma debug struct_end
  55  0004              #pragma debug struct_end
  55  0004              #pragma debug union_end
  55  0004              #pragma debug union_end
  55  0004              #pragma debug variable 43 1 ___pb "__pb" 1
  55  0004              #pragma debug struct_end
  55  0004              #pragma debug struct_end
  55  0004              #pragma debug union_end
  55  0004              #pragma debug union_end
  55  0004              #pragma debug variable 45 1 ___pbc "__pbc" 1
  55  0004              #pragma debug struct_end
  55  0004              #pragma debug struct_end
  55  0004              #pragma debug union_end
  55  0004              #pragma debug union_end
"File: app_set.c     Assembler  Version HGASM0202      Page 3

  55  0004              #pragma debug variable 47 1 ___pbpu "__pbpu" 1
  55  0004              #pragma debug struct_end
  55  0004              #pragma debug struct_end
  55  0004              #pragma debug union_end
  55  0004              #pragma debug union_end
  55  0004              #pragma debug variable 49 1 ___lvdc "__lvdc" 1
  55  0004              #pragma debug struct_end
  55  0004              #pragma debug struct_end
  55  0004              #pragma debug union_end
  55  0004              #pragma debug union_end
  55  0004              #pragma debug variable 51 1 ___pas0 "__pas0" 1
  55  0004              
  55  0004              ; 
  55  0004              ; Generated by holtek-gcc v3.19, Thu Nov 06 10:43:27 2025
  55  0004              ; Rebuild 718
  55  0004              ; end of file


        0 Errors, 0