"File: vector.asm    Assembler  Version 2.98      Page 1


   1  0000              
   2  0000              INCLUDE BC68F3132.inc


   3  0000              ;***************************************************************
   4  0000              ;       MCU Interrupt Table
   5  0000              ;***************************************************************
   6  0000              ;-------------------------------------------------------------------------;				
   7  0000              ;INT0 interrupt
   8  0000              ;-------------------------------------------------------------------------;				
   9  0000              
  10  0000              ;-------------------------------------------------------------------------;				
  11  0000              ;INT1 interrupt
  12  0000              ;-------------------------------------------------------------------------;						
  13  0000              @vectort_int1i	.SECTION AT 0008H 'CODE'
  14  0000  36A3        		clr		hpeintf
  15  0001  3441        		clr		hpeen
  16  0002  0004        		reti
  17  0003              ;-------------------------------------------------------------------------;				
  18  0003              ;Time Base 0 interrupt
  19  0003              ;-------------------------------------------------------------------------;	
  20  0003              extern	_FLAG1      :byte					
  21  0000              @vectort_tb0i 	.SECTION AT 000CH 'CODE'		
  22  0000  3000     E        	SET      _FLAG1.0 	  
  23  0001  0004        		reti
  24  0002              ;-------------------------------------------------------------------------;				
  25  0002              ;Time Base 1 interrupt
  26  0002              ;-------------------------------------------------------------------------;						
  27  0002              		
  28  0002              ;-------------------------------------------------------------------------;
  29  0002              ;Multi-function 0 Interrupt				
  30  0002              ;-------------------------------------------------------------------------;		
  31  0002              extern RF_ISR :near				
  32  0000              @vectort_mf0i	.SECTION AT 0014H 'CODE'
  33  0000  2800     E     		JMP		RF_ISR
  34  0001              ;-------------------------------------------------------------------------;				
  35  0001              ;Multi-function 1 Interrupt
  36  0001              ;-------------------------------------------------------------------------;				
  37  0000              @vectort_mf1i 	.SECTION AT 0018H 'CODE'
  38  0000  36A7        		clr		 CTM1AF	
  39  0001  3000     E  		SET      _FLAG1.7 
  40  0002  0004        		reti
  41  0003              		
  42  0003              		
  43  0003              ;-------------------------------------------------------------------------;				
  44  0003              ;Multi-function 1 Interrupt
  45  0003              ;-------------------------------------------------------------------------;				
  46  0000              @vectort_lvdi 	.SECTION AT 001cH 'CODE'
  47  0000              	;	SET      _FLAG2.0 
  48  0000  0004        		reti		
  49  0001              ;-------------------------------------------------------------------------;				
  50  0001              ;Multi-function 2 Interrupt
  51  0001              ;-------------------------------------------------------------------------;						
  52  0001              ;@vectort_mf2i 	.SECTION AT 001CH 'CODE'		
  53  0001              ;		reti
  54  0001              ;-------------------------------------------------------------------------;				
  55  0001              		end				


"File: vector.asm    Assembler  Version 2.98      Page 2

        0 Errors, 0 Warnings